     [echo] build logged to build_09-12-2013_(15-26-54).log
init:  duration 0 seconds

setClassPath:
[pathconvert] Set property test.classpath = D:\srinivasiyer\AntCall:D:\srinivasiyer\AntCall\lib\SaxonLiaison.jar:D:\srinivasiyer\AntCall\lib\activation-1.1.1.jar:D:\srinivasiyer\AntCall\lib\mail-1.4.1.jar:D:\srinivasiyer\AntCall\lib\mail.jar:D:\srinivasiyer\AntCall\lib\saxon-8.7.jar:D:\srinivasiyer\AntCall\lib\selenium-server-standalone-2.37.0.jar:D:\srinivasiyer\AntCall\lib\testng-6.4.jar
setClassPath:  duration 0 seconds

loadTestNG:
loadTestNG:  duration 1 second

compile:
     [echo] classpath:D:\srinivasiyer\AntCall:D:\srinivasiyer\AntCall\lib\SaxonLiaison.jar:D:\srinivasiyer\AntCall\lib\activation-1.1.1.jar:D:\srinivasiyer\AntCall\lib\mail-1.4.1.jar:D:\srinivasiyer\AntCall\lib\mail.jar:D:\srinivasiyer\AntCall\lib\saxon-8.7.jar:D:\srinivasiyer\AntCall\lib\selenium-server-standalone-2.37.0.jar:D:\srinivasiyer\AntCall\lib\testng-6.4.jar
     [echo] compiling..........
    [javac] D:\srinivasiyer\AntCall\build.xml:36: warning: 'includeantruntime' was not set, defaulting to build.sysclasspath=last; set to false for repeatable builds
    [javac] D:\srinivasiyer\AntCall\src\IEDriverServer.exe skipped - don't know how to handle it
    [javac] com\rl\test\selenium\Category.java added as com\rl\test\selenium\Category.class doesn't exist.
    [javac] com\rl\test\selenium\ContactUs.java added as com\rl\test\selenium\ContactUs.class doesn't exist.
    [javac] com\rl\test\selenium\JCatalogTest.java added as com\rl\test\selenium\JCatalogTest.class doesn't exist.
    [javac] com\rl\test\selenium\Logout.java added as com\rl\test\selenium\Logout.class doesn't exist.
    [javac] com\rl\test\selenium\MainDriver.java added as com\rl\test\selenium\MainDriver.class doesn't exist.
    [javac] com\rl\test\selenium\NewProduct.java added as com\rl\test\selenium\NewProduct.class doesn't exist.
    [javac] com\rl\test\selenium\PlaceOrder.java added as com\rl\test\selenium\PlaceOrder.class doesn't exist.
    [javac] Compiling 7 source files to D:\srinivasiyer\AntCall\build
    [javac] Using modern compiler
    [javac] Compilation arguments:
'-d'
'D:\srinivasiyer\AntCall\build'
'-classpath'
'D:\srinivasiyer\AntCall\build;D:\srinivasiyer\AntCall;D:\srinivasiyer\AntCall\lib\SaxonLiaison.jar;D:\srinivasiyer\AntCall\lib\activation-1.1.1.jar;D:\srinivasiyer\AntCall\lib\mail-1.4.1.jar;D:\srinivasiyer\AntCall\lib\mail.jar;D:\srinivasiyer\AntCall\lib\saxon-8.7.jar;D:\srinivasiyer\AntCall\lib\selenium-server-standalone-2.37.0.jar;D:\srinivasiyer\AntCall\lib\testng-6.4.jar;D:\apache-ant-1.9.2\lib\ant-launcher.jar;D:\apache-ant-1.9.2\lib\ant-antlr.jar;D:\apache-ant-1.9.2\lib\ant-apache-bcel.jar;D:\apache-ant-1.9.2\lib\ant-apache-bsf.jar;D:\apache-ant-1.9.2\lib\ant-apache-log4j.jar;D:\apache-ant-1.9.2\lib\ant-apache-oro.jar;D:\apache-ant-1.9.2\lib\ant-apache-regexp.jar;D:\apache-ant-1.9.2\lib\ant-apache-resolver.jar;D:\apache-ant-1.9.2\lib\ant-apache-xalan2.jar;D:\apache-ant-1.9.2\lib\ant-commons-logging.jar;D:\apache-ant-1.9.2\lib\ant-commons-net.jar;D:\apache-ant-1.9.2\lib\ant-jai.jar;D:\apache-ant-1.9.2\lib\ant-javamail.jar;D:\apache-ant-1.9.2\lib\ant-jdepend.jar;D:\apache-ant-1.9.2\lib\ant-jmf.jar;D:\apache-ant-1.9.2\lib\ant-jsch.jar;D:\apache-ant-1.9.2\lib\ant-junit.jar;D:\apache-ant-1.9.2\lib\ant-junit4.jar;D:\apache-ant-1.9.2\lib\ant-netrexx.jar;D:\apache-ant-1.9.2\lib\ant-swing.jar;D:\apache-ant-1.9.2\lib\ant-testutil.jar;D:\apache-ant-1.9.2\lib\ant.jar;C:\Program Files\Java\jdk1.7.0_45\lib\tools.jar'
'-sourcepath'
'D:\srinivasiyer\AntCall\src'
'-g:none'

The ' characters around the executable and arguments are
not part of the command.
    [javac] Files to be compiled:
    D:\srinivasiyer\AntCall\src\com\rl\test\selenium\Category.java
    D:\srinivasiyer\AntCall\src\com\rl\test\selenium\ContactUs.java
    D:\srinivasiyer\AntCall\src\com\rl\test\selenium\JCatalogTest.java
    D:\srinivasiyer\AntCall\src\com\rl\test\selenium\Logout.java
    D:\srinivasiyer\AntCall\src\com\rl\test\selenium\MainDriver.java
    D:\srinivasiyer\AntCall\src\com\rl\test\selenium\NewProduct.java
    D:\srinivasiyer\AntCall\src\com\rl\test\selenium\PlaceOrder.java
compile:  duration 22 seconds

runTests:
   [testng] Executing 'C:\Program Files\Java\jdk1.7.0_45\jre\bin\java.exe' with arguments:
'-ea'
'-classpath'
'D:\srinivasiyer\AntCall;D:\srinivasiyer\AntCall\lib\SaxonLiaison.jar;D:\srinivasiyer\AntCall\lib\activation-1.1.1.jar;D:\srinivasiyer\AntCall\lib\mail-1.4.1.jar;D:\srinivasiyer\AntCall\lib\mail.jar;D:\srinivasiyer\AntCall\lib\saxon-8.7.jar;D:\srinivasiyer\AntCall\lib\selenium-server-standalone-2.37.0.jar;D:\srinivasiyer\AntCall\lib\testng-6.4.jar;D:\srinivasiyer\AntCall\build'
'org.testng.TestNG'
'@C:\Users\SRINIV~1\AppData\Local\Temp\testng91019988184120970'

The ' characters around the executable and arguments are
not part of the command.
   [testng] [TestNG] Running:
   [testng]   D:\srinivasiyer\AntCall\testng.xml
   [testng] 
   [testng] Unable to locate element: {"method":"xpath","selector":"//form[@id='header:headerForm']/table/tbody/tr/td/a[2]"}
   [testng] Command duration or timeout: 323 milliseconds
   [testng] For documentation on this error, please visit: http://seleniumhq.org/exceptions/no_such_element.html
   [testng] Build info: version: '2.37.0', revision: 'a7c61cb', time: '2013-10-18 17:14:00'
   [testng] System info: host: 'SRINIVAS-PC', ip: '192.168.150.55', os.name: 'Windows 7', os.arch: 'amd64', os.version: '6.1', java.version: '1.7.0_45'
   [testng] Session ID: c0018925-58a5-4f4e-b964-49c6f240a1f6
   [testng] Driver info: org.openqa.selenium.firefox.FirefoxDriver
   [testng] Capabilities [{platform=XP, databaseEnabled=true, cssSelectorsEnabled=true, javascriptEnabled=true, acceptSslCerts=true, handlesAlerts=true, browserName=firefox, browserConnectionEnabled=true, nativeEvents=true, webStorageEnabled=true, rotatable=false, locationContextEnabled=true, applicationCacheEnabled=true, takesScreenshot=true, version=25.0.1}]PASSED: Testlogin
   [testng] PASSED: TestcategoryOne
   [testng] PASSED: Testcategorytwo
   [testng] PASSED: Testcategorythree
   [testng] PASSED: Testcategoryfour
   [testng] PASSED: TestnewProduct
   [testng] PASSED: Testcontactus
   [testng] PASSED: Testplaceorder
   [testng] FAILED: TestproductList
   [testng] org.openqa.selenium.NoSuchElementException: Unable to locate element: {"method":"xpath","selector":"//table[@id='productListForm:table']/tbody/tr[10]/td[6]/a"}
   [testng] Command duration or timeout: 807 milliseconds
   [testng] For documentation on this error, please visit: http://seleniumhq.org/exceptions/no_such_element.html
   [testng] Build info: version: '2.37.0', revision: 'a7c61cb', time: '2013-10-18 17:14:00'
   [testng] System info: host: 'SRINIVAS-PC', ip: '192.168.150.55', os.name: 'Windows 7', os.arch: 'amd64', os.version: '6.1', java.version: '1.7.0_45'
   [testng] Session ID: c0018925-58a5-4f4e-b964-49c6f240a1f6
   [testng] Driver info: org.openqa.selenium.firefox.FirefoxDriver
   [testng] Capabilities [{platform=XP, databaseEnabled=true, cssSelectorsEnabled=true, javascriptEnabled=true, acceptSslCerts=true, handlesAlerts=true, browserName=firefox, browserConnectionEnabled=true, nativeEvents=true, webStorageEnabled=true, rotatable=false, locationContextEnabled=true, applicationCacheEnabled=true, takesScreenshot=true, version=25.0.1}]
   [testng] 	at sun.reflect.NativeConstructorAccessorImpl.newInstance0(Native Method)
   [testng] 	at sun.reflect.NativeConstructorAccessorImpl.newInstance(NativeConstructorAccessorImpl.java:57)
   [testng] 	at sun.reflect.DelegatingConstructorAccessorImpl.newInstance(DelegatingConstructorAccessorImpl.java:45)
   [testng] 	at java.lang.reflect.Constructor.newInstance(Constructor.java:526)
   [testng] 	at org.openqa.selenium.remote.ErrorHandler.createThrowable(ErrorHandler.java:193)
   [testng] 	at org.openqa.selenium.remote.ErrorHandler.throwIfResponseFailed(ErrorHandler.java:145)
   [testng] 	at org.openqa.selenium.remote.RemoteWebDriver.execute(RemoteWebDriver.java:554)
   [testng] 	at org.openqa.selenium.remote.RemoteWebDriver.findElement(RemoteWebDriver.java:307)
   [testng] 	at org.openqa.selenium.remote.RemoteWebDriver.findElementByXPath(RemoteWebDriver.java:404)
   [testng] 	at org.openqa.selenium.By$ByXPath.findElement(By.java:363)
   [testng] 	at org.openqa.selenium.remote.RemoteWebDriver.findElement(RemoteWebDriver.java:299)
   [testng] 	at com.rl.test.selenium.NewProduct.ProductList(Unknown Source)
   [testng] 	at com.rl.test.selenium.JCatalogTest.TestproductList(Unknown Source)
   [testng] 	at sun.reflect.NativeMethodAccessorImpl.invoke0(Native Method)
   [testng] 	at sun.reflect.NativeMethodAccessorImpl.invoke(NativeMethodAccessorImpl.java:57)
   [testng] 	at sun.reflect.DelegatingMethodAccessorImpl.invoke(DelegatingMethodAccessorImpl.java:43)
   [testng] 	at java.lang.reflect.Method.invoke(Method.java:606)
   [testng] 	at org.testng.internal.MethodInvocationHelper.invokeMethod(MethodInvocationHelper.java:84)
   [testng] 	at org.testng.internal.Invoker.invokeMethod(Invoker.java:714)
   [testng] 	at org.testng.internal.Invoker.invokeTestMethod(Invoker.java:901)
   [testng] 	at org.testng.internal.Invoker.invokeTestMethods(Invoker.java:1231)
   [testng] 	at org.testng.internal.TestMethodWorker.invokeTestMethods(TestMethodWorker.java:127)
   [testng] 	at org.testng.internal.TestMethodWorker.run(TestMethodWorker.java:111)
   [testng] 	at org.testng.TestRunner.privateRun(TestRunner.java:767)
   [testng] 	at org.testng.TestRunner.run(TestRunner.java:617)
   [testng] 	at org.testng.SuiteRunner.runTest(SuiteRunner.java:334)
   [testng] 	at org.testng.SuiteRunner.runSequentially(SuiteRunner.java:329)
   [testng] 	at org.testng.SuiteRunner.privateRun(SuiteRunner.java:291)
   [testng] 	at org.testng.SuiteRunner.run(SuiteRunner.java:240)
   [testng] 	at org.testng.SuiteRunnerWorker.runSuite(SuiteRunnerWorker.java:52)
   [testng] 	at org.testng.SuiteRunnerWorker.run(SuiteRunnerWorker.java:86)
   [testng] 	at org.testng.TestNG.runSuitesSequentially(TestNG.java:1224)
   [testng] 	at org.testng.TestNG.runSuitesLocally(TestNG.java:1149)
   [testng] 	at org.testng.TestNG.run(TestNG.java:1057)
   [testng] 	at org.testng.TestNG.privateMain(TestNG.java:1364)
   [testng] 	at org.testng.TestNG.main(TestNG.java:1333)
   [testng] Caused by: org.openqa.selenium.remote.ErrorHandler$UnknownServerException: Unable to locate element: {"method":"xpath","selector":"//table[@id='productListForm:table']/tbody/tr[10]/td[6]/a"}
   [testng] Build info: version: '2.37.0', revision: 'a7c61cb', time: '2013-10-18 17:14:00'
   [testng] System info: host: 'SRINIVAS-PC', ip: '192.168.150.55', os.name: 'Windows 7', os.arch: 'amd64', os.version: '6.1', java.version: '1.7.0_45'
   [testng] Driver info: driver.version: unknown
   [testng] 	at <anonymous class>.FirefoxDriver.prototype.findElementInternal_(file:///C:/Users/SRINIV~1/AppData/Local/Temp/anonymous662461245628776292webdriver-profile/extensions/fxdriver@googlecode.com/components/driver_component.js:8891)
   [testng] 	at <anonymous class>.FirefoxDriver.prototype.findElement(file:///C:/Users/SRINIV~1/AppData/Local/Temp/anonymous662461245628776292webdriver-profile/extensions/fxdriver@googlecode.com/components/driver_component.js:8900)
   [testng] 	at <anonymous class>.DelayedCommand.prototype.executeInternal_/h(file:///C:/Users/SRINIV~1/AppData/Local/Temp/anonymous662461245628776292webdriver-profile/extensions/fxdriver@googlecode.com/components/command_processor.js:10844)
   [testng] 	at <anonymous class>.DelayedCommand.prototype.executeInternal_(file:///C:/Users/SRINIV~1/AppData/Local/Temp/anonymous662461245628776292webdriver-profile/extensions/fxdriver@googlecode.com/components/command_processor.js:10849)
   [testng] 	at <anonymous class>.DelayedCommand.prototype.execute/<(file:///C:/Users/SRINIV~1/AppData/Local/Temp/anonymous662461245628776292webdriver-profile/extensions/fxdriver@googlecode.com/components/command_processor.js:10791)
   [testng] 
   [testng] FAILED: Testlogout
   [testng] org.openqa.selenium.NoSuchElementException: Unable to locate element: {"method":"link text","selector":"logout"}
   [testng] Command duration or timeout: 488 milliseconds
   [testng] For documentation on this error, please visit: http://seleniumhq.org/exceptions/no_such_element.html
   [testng] Build info: version: '2.37.0', revision: 'a7c61cb', time: '2013-10-18 17:14:00'
   [testng] System info: host: 'SRINIVAS-PC', ip: '192.168.150.55', os.name: 'Windows 7', os.arch: 'amd64', os.version: '6.1', java.version: '1.7.0_45'
   [testng] Session ID: c0018925-58a5-4f4e-b964-49c6f240a1f6
   [testng] Driver info: org.openqa.selenium.firefox.FirefoxDriver
   [testng] Capabilities [{platform=XP, databaseEnabled=true, cssSelectorsEnabled=true, javascriptEnabled=true, acceptSslCerts=true, handlesAlerts=true, browserName=firefox, browserConnectionEnabled=true, nativeEvents=true, webStorageEnabled=true, rotatable=false, locationContextEnabled=true, applicationCacheEnabled=true, takesScreenshot=true, version=25.0.1}]
   [testng] 	at sun.reflect.NativeConstructorAccessorImpl.newInstance0(Native Method)
   [testng] 	at sun.reflect.NativeConstructorAccessorImpl.newInstance(NativeConstructorAccessorImpl.java:57)
   [testng] 	at sun.reflect.DelegatingConstructorAccessorImpl.newInstance(DelegatingConstructorAccessorImpl.java:45)
   [testng] 	at java.lang.reflect.Constructor.newInstance(Constructor.java:526)
   [testng] 	at org.openqa.selenium.remote.ErrorHandler.createThrowable(ErrorHandler.java:193)
   [testng] 	at org.openqa.selenium.remote.ErrorHandler.throwIfResponseFailed(ErrorHandler.java:145)
   [testng] 	at org.openqa.selenium.remote.RemoteWebDriver.execute(RemoteWebDriver.java:554)
   [testng] 	at org.openqa.selenium.remote.RemoteWebDriver.findElement(RemoteWebDriver.java:307)
   [testng] 	at org.openqa.selenium.remote.RemoteWebDriver.findElementByLinkText(RemoteWebDriver.java:356)
   [testng] 	at org.openqa.selenium.By$ByLinkText.findElement(By.java:248)
   [testng] 	at org.openqa.selenium.remote.RemoteWebDriver.findElement(RemoteWebDriver.java:299)
   [testng] 	at com.rl.test.selenium.Logout.logout(Unknown Source)
   [testng] 	at com.rl.test.selenium.JCatalogTest.Testlogout(Unknown Source)
   [testng] 	at sun.reflect.NativeMethodAccessorImpl.invoke0(Native Method)
   [testng] 	at sun.reflect.NativeMethodAccessorImpl.invoke(NativeMethodAccessorImpl.java:57)
   [testng] 	at sun.reflect.DelegatingMethodAccessorImpl.invoke(DelegatingMethodAccessorImpl.java:43)
   [testng] 	at java.lang.reflect.Method.invoke(Method.java:606)
   [testng] 	at org.testng.internal.MethodInvocationHelper.invokeMethod(MethodInvocationHelper.java:84)
   [testng] 	at org.testng.internal.Invoker.invokeMethod(Invoker.java:714)
   [testng] 	at org.testng.internal.Invoker.invokeTestMethod(Invoker.java:901)
   [testng] 	at org.testng.internal.Invoker.invokeTestMethods(Invoker.java:1231)
   [testng] 	at org.testng.internal.TestMethodWorker.invokeTestMethods(TestMethodWorker.java:127)
   [testng] 	at org.testng.internal.TestMethodWorker.run(TestMethodWorker.java:111)
   [testng] 	at org.testng.TestRunner.privateRun(TestRunner.java:767)
   [testng] 	at org.testng.TestRunner.run(TestRunner.java:617)
   [testng] 	at org.testng.SuiteRunner.runTest(SuiteRunner.java:334)
   [testng] 	at org.testng.SuiteRunner.runSequentially(SuiteRunner.java:329)
   [testng] 	at org.testng.SuiteRunner.privateRun(SuiteRunner.java:291)
   [testng] 	at org.testng.SuiteRunner.run(SuiteRunner.java:240)
   [testng] 	at org.testng.SuiteRunnerWorker.runSuite(SuiteRunnerWorker.java:52)
   [testng] 	at org.testng.SuiteRunnerWorker.run(SuiteRunnerWorker.java:86)
   [testng] 	at org.testng.TestNG.runSuitesSequentially(TestNG.java:1224)
   [testng] 	at org.testng.TestNG.runSuitesLocally(TestNG.java:1149)
   [testng] 	at org.testng.TestNG.run(TestNG.java:1057)
   [testng] 	at org.testng.TestNG.privateMain(TestNG.java:1364)
   [testng] 	at org.testng.TestNG.main(TestNG.java:1333)
   [testng] Caused by: org.openqa.selenium.remote.ErrorHandler$UnknownServerException: Unable to locate element: {"method":"link text","selector":"logout"}
   [testng] Build info: version: '2.37.0', revision: 'a7c61cb', time: '2013-10-18 17:14:00'
   [testng] System info: host: 'SRINIVAS-PC', ip: '192.168.150.55', os.name: 'Windows 7', os.arch: 'amd64', os.version: '6.1', java.version: '1.7.0_45'
   [testng] Driver info: driver.version: unknown
   [testng] 	at <anonymous class>.FirefoxDriver.prototype.findElementInternal_(file:///C:/Users/SRINIV~1/AppData/Local/Temp/anonymous662461245628776292webdriver-profile/extensions/fxdriver@googlecode.com/components/driver_component.js:8891)
   [testng] 	at <anonymous class>.FirefoxDriver.prototype.findElement(file:///C:/Users/SRINIV~1/AppData/Local/Temp/anonymous662461245628776292webdriver-profile/extensions/fxdriver@googlecode.com/components/driver_component.js:8900)
   [testng] 	at <anonymous class>.DelayedCommand.prototype.executeInternal_/h(file:///C:/Users/SRINIV~1/AppData/Local/Temp/anonymous662461245628776292webdriver-profile/extensions/fxdriver@googlecode.com/components/command_processor.js:10844)
   [testng] 	at <anonymous class>.DelayedCommand.prototype.executeInternal_(file:///C:/Users/SRINIV~1/AppData/Local/Temp/anonymous662461245628776292webdriver-profile/extensions/fxdriver@googlecode.com/components/command_processor.js:10849)
   [testng] 	at <anonymous class>.DelayedCommand.prototype.execute/<(file:///C:/Users/SRINIV~1/AppData/Local/Temp/anonymous662461245628776292webdriver-profile/extensions/fxdriver@googlecode.com/components/command_processor.js:10791)
   [testng] 
   [testng] 
   [testng] ===============================================
   [testng]     JCatalog test
   [testng]     Tests run: 10, Failures: 2, Skips: 0
   [testng] ===============================================
   [testng] 
   [testng] 
   [testng] ===============================================
   [testng] JCatalog Test suite
   [testng] Total tests run: 10, Failures: 2, Skips: 0
   [testng] ===============================================
   [testng] 
   [testng] [TestNG] Time taken by org.testng.reporters.JUnitReportReporter@73dfc95e: 245 ms
   [testng] [TestNG] Time taken by org.testng.reporters.EmailableReporter2@181f4b24: 545 ms
   [testng] [TestNG] Time taken by org.testng.reporters.XMLReporter@23d1f3f2: 302 ms
   [testng] [TestNG] Time taken by [FailedReporter passed=0 failed=0 skipped=0]: 254 ms
   [testng] [TestNG] Time taken by org.testng.reporters.jq.Main@54c22b28: 950 ms
   [testng] [TestNG] Time taken by org.testng.reporters.SuiteHTMLReporter@5c56fa08: 640 ms
   [testng] The tests failed.
runTests:  duration 2 minutes 7 seconds

report:
    [mkdir] Created dir: D:\srinivasiyer\AntCall\testng-xslt
     [xslt] Using class SaxonLiaison
     [xslt] Processing D:\srinivasiyer\AntCall\test-output\testng-results.xml to D:\srinivasiyer\AntCall\testng-xslt\index.html
     [xslt] Loading stylesheet D:\srinivasiyer\AntCall\testng-results.xsl
report:  duration 21 seconds

BUILD SUCCESSFUL
