<!DOCTYPE html>

<html>
  <head>
  <title>TestNG reports</title>

    <link type="text/css" href="testng-reports.css" rel="stylesheet" />  
    <script type="text/javascript" src="jquery-1.7.1.min.js"></script>
    <script type="text/javascript" src="testng-reports.js"></script>
    <script type="text/javascript" src="https://www.google.com/jsapi"></script>
    <script type='text/javascript'>
      google.load('visualization', '1', {packages:['table']});
      google.setOnLoadCallback(drawTable);
      var suiteTableInitFunctions = new Array();
      var suiteTableData = new Array();
    </script>
    <!--
      <script type="text/javascript" src="jquery-ui/js/jquery-ui-1.8.16.custom.min.js"></script>
     -->
  </head>

  <body>
    <div class="top-banner-root">
      <span class="top-banner-title-font">Test results</span>
      <br/>
      <span class="top-banner-font-1">1 suite, 2 failed tests</span>
    </div> <!-- top-banner-root -->
    <div class="navigator-root">
      <div class="navigator-suite-header">
        <span>All suites</span>
        <a href="#" class="collapse-all-link" title="Collapse/expand all the suites">
          <img class="collapse-all-icon" src="collapseall.gif">
          </img> <!-- collapse-all-icon -->
        </a> <!-- collapse-all-link -->
      </div> <!-- navigator-suite-header -->
      <div class="suite">
        <div class="rounded-window">
          <div class="suite-header light-rounded-window-top">
            <a href="#" class="navigator-link" panel-name="suite-JCatalog_Test_suite">
              <span class="suite-name border-failed">JCatalog Test suite</span>
            </a> <!-- navigator-link -->
          </div> <!-- suite-header light-rounded-window-top -->
          <div class="navigator-suite-content">
            <div class="suite-section-title">
              <span>Info</span>
            </div> <!-- suite-section-title -->
            <div class="suite-section-content">
              <ul>
                <li>
                  <a href="#" class="navigator-link " panel-name="test-xml-JCatalog_Test_suite">
                    <span>D:\srinivasiyer\AntCall\testng.xml</span>
                  </a> <!-- navigator-link  -->
                </li>
                <li>
                  <a href="#" class="navigator-link " panel-name="testlist-JCatalog_Test_suite">
                    <span class="test-stats">1 test</span>
                  </a> <!-- navigator-link  -->
                </li>
                <li>
                  <a href="#" class="navigator-link " panel-name="group-JCatalog_Test_suite">
                    <span>0 groups</span>
                  </a> <!-- navigator-link  -->
                </li>
                <li>
                  <a href="#" class="navigator-link " panel-name="times-JCatalog_Test_suite">
                    <span>Times</span>
                  </a> <!-- navigator-link  -->
                </li>
                <li>
                  <a href="#" class="navigator-link " panel-name="reporter-JCatalog_Test_suite">
                    <span>Reporter output</span>
                  </a> <!-- navigator-link  -->
                </li>
                <li>
                  <a href="#" class="navigator-link " panel-name="ignored-methods-JCatalog_Test_suite">
                    <span>Ignored methods</span>
                  </a> <!-- navigator-link  -->
                </li>
                <li>
                  <a href="#" class="navigator-link " panel-name="chronological-JCatalog_Test_suite">
                    <span>Chronological view</span>
                  </a> <!-- navigator-link  -->
                </li>
              </ul>
            </div> <!-- suite-section-content -->
            <div class="result-section">
              <div class="suite-section-title">
                <span>Results</span>
              </div> <!-- suite-section-title -->
              <div class="suite-section-content">
                <ul>
                  <li>
                    <span class="method-stats">10 methods, 2 failed,   8 passed</span>
                  </li>
                  <li>
                    <span class="method-list-title failed">Failed methods</span>
                    <span class="show-or-hide-methods failed">
                      <a href="#" panel-name="suite-JCatalog_Test_suite" class="hide-methods failed suite-JCatalog_Test_suite"> (hide)</a> <!-- hide-methods failed suite-JCatalog_Test_suite -->
                      <a href="#" panel-name="suite-JCatalog_Test_suite" class="show-methods failed suite-JCatalog_Test_suite"> (show)</a> <!-- show-methods failed suite-JCatalog_Test_suite -->
                    </span>
                    <div class="method-list-content failed suite-JCatalog_Test_suite">
                      <span>
                        <img width="3%" src="failed.png"/>
                        <a href="#" class="method navigator-link" panel-name="suite-JCatalog_Test_suite" title="com.rl.test.selenium.JCatalogTest" hash-for-method="Testlogout">Testlogout</a> <!-- method navigator-link -->
                      </span>
                      <br/>
                      <span>
                        <img width="3%" src="failed.png"/>
                        <a href="#" class="method navigator-link" panel-name="suite-JCatalog_Test_suite" title="com.rl.test.selenium.JCatalogTest" hash-for-method="TestproductList">TestproductList</a> <!-- method navigator-link -->
                      </span>
                      <br/>
                    </div> <!-- method-list-content failed suite-JCatalog_Test_suite -->
                  </li>
                  <li>
                    <span class="method-list-title passed">Passed methods</span>
                    <span class="show-or-hide-methods passed">
                      <a href="#" panel-name="suite-JCatalog_Test_suite" class="hide-methods passed suite-JCatalog_Test_suite"> (hide)</a> <!-- hide-methods passed suite-JCatalog_Test_suite -->
                      <a href="#" panel-name="suite-JCatalog_Test_suite" class="show-methods passed suite-JCatalog_Test_suite"> (show)</a> <!-- show-methods passed suite-JCatalog_Test_suite -->
                    </span>
                    <div class="method-list-content passed suite-JCatalog_Test_suite">
                      <span>
                        <img width="3%" src="passed.png"/>
                        <a href="#" class="method navigator-link" panel-name="suite-JCatalog_Test_suite" title="com.rl.test.selenium.JCatalogTest" hash-for-method="TestcategoryOne">TestcategoryOne</a> <!-- method navigator-link -->
                      </span>
                      <br/>
                      <span>
                        <img width="3%" src="passed.png"/>
                        <a href="#" class="method navigator-link" panel-name="suite-JCatalog_Test_suite" title="com.rl.test.selenium.JCatalogTest" hash-for-method="Testcategoryfour">Testcategoryfour</a> <!-- method navigator-link -->
                      </span>
                      <br/>
                      <span>
                        <img width="3%" src="passed.png"/>
                        <a href="#" class="method navigator-link" panel-name="suite-JCatalog_Test_suite" title="com.rl.test.selenium.JCatalogTest" hash-for-method="Testcategorythree">Testcategorythree</a> <!-- method navigator-link -->
                      </span>
                      <br/>
                      <span>
                        <img width="3%" src="passed.png"/>
                        <a href="#" class="method navigator-link" panel-name="suite-JCatalog_Test_suite" title="com.rl.test.selenium.JCatalogTest" hash-for-method="Testcategorytwo">Testcategorytwo</a> <!-- method navigator-link -->
                      </span>
                      <br/>
                      <span>
                        <img width="3%" src="passed.png"/>
                        <a href="#" class="method navigator-link" panel-name="suite-JCatalog_Test_suite" title="com.rl.test.selenium.JCatalogTest" hash-for-method="Testcontactus">Testcontactus</a> <!-- method navigator-link -->
                      </span>
                      <br/>
                      <span>
                        <img width="3%" src="passed.png"/>
                        <a href="#" class="method navigator-link" panel-name="suite-JCatalog_Test_suite" title="com.rl.test.selenium.JCatalogTest" hash-for-method="Testlogin">Testlogin</a> <!-- method navigator-link -->
                      </span>
                      <br/>
                      <span>
                        <img width="3%" src="passed.png"/>
                        <a href="#" class="method navigator-link" panel-name="suite-JCatalog_Test_suite" title="com.rl.test.selenium.JCatalogTest" hash-for-method="TestnewProduct">TestnewProduct</a> <!-- method navigator-link -->
                      </span>
                      <br/>
                      <span>
                        <img width="3%" src="passed.png"/>
                        <a href="#" class="method navigator-link" panel-name="suite-JCatalog_Test_suite" title="com.rl.test.selenium.JCatalogTest" hash-for-method="Testplaceorder">Testplaceorder</a> <!-- method navigator-link -->
                      </span>
                      <br/>
                    </div> <!-- method-list-content passed suite-JCatalog_Test_suite -->
                  </li>
                </ul>
              </div> <!-- suite-section-content -->
            </div> <!-- result-section -->
          </div> <!-- navigator-suite-content -->
        </div> <!-- rounded-window -->
      </div> <!-- suite -->
    </div> <!-- navigator-root -->
    <div class="wrapper">
      <div class="main-panel-root">
        <div panel-name="suite-JCatalog_Test_suite" class="panel JCatalog_Test_suite">
          <div class="suite-JCatalog_Test_suite-class-failed">
            <div class="main-panel-header rounded-window-top">
              <img src="failed.png"/>
              <span class="class-name">com.rl.test.selenium.JCatalogTest</span>
            </div> <!-- main-panel-header rounded-window-top -->
            <div class="main-panel-content rounded-window-bottom">
              <div class="method">
                <div class="method-content">
                  <a name="Testlogout">
                  </a> <!-- Testlogout -->
                  <span class="method-name">Testlogout</span>
                  <div class="stack-trace">org.openqa.selenium.NoSuchElementException: Unable to locate element: {&quot;method&quot;:&quot;link text&quot;,&quot;selector&quot;:&quot;logout&quot;}
Command duration or timeout: 500 milliseconds
For documentation on this error, please visit: http://seleniumhq.org/exceptions/no_such_element.html
Build info: version: &apos;2.37.0&apos;, revision: &apos;a7c61cb&apos;, time: &apos;2013-10-18 17:14:00&apos;
System info: host: &apos;SRINIVAS-PC&apos;, ip: &apos;192.168.150.55&apos;, os.name: &apos;Windows 7&apos;, os.arch: &apos;amd64&apos;, os.version: &apos;6.1&apos;, java.version: &apos;1.7.0_45&apos;
Session ID: 34ef9f29-43e5-4b8a-8f7a-60ce87bddef4
Driver info: org.openqa.selenium.firefox.FirefoxDriver
Capabilities [{platform=XP, databaseEnabled=true, cssSelectorsEnabled=true, javascriptEnabled=true, acceptSslCerts=true, handlesAlerts=true, browserName=firefox, browserConnectionEnabled=true, nativeEvents=true, webStorageEnabled=true, rotatable=false, locationContextEnabled=true, applicationCacheEnabled=true, takesScreenshot=true, version=25.0.1}]
	at sun.reflect.NativeConstructorAccessorImpl.newInstance0(Native Method)
	at sun.reflect.NativeConstructorAccessorImpl.newInstance(NativeConstructorAccessorImpl.java:57)
	at sun.reflect.DelegatingConstructorAccessorImpl.newInstance(DelegatingConstructorAccessorImpl.java:45)
	at java.lang.reflect.Constructor.newInstance(Constructor.java:526)
	at org.openqa.selenium.remote.ErrorHandler.createThrowable(ErrorHandler.java:193)
	at org.openqa.selenium.remote.ErrorHandler.throwIfResponseFailed(ErrorHandler.java:145)
	at org.openqa.selenium.remote.RemoteWebDriver.execute(RemoteWebDriver.java:554)
	at org.openqa.selenium.remote.RemoteWebDriver.findElement(RemoteWebDriver.java:307)
	at org.openqa.selenium.remote.RemoteWebDriver.findElementByLinkText(RemoteWebDriver.java:356)
	at org.openqa.selenium.By$ByLinkText.findElement(By.java:248)
	at org.openqa.selenium.remote.RemoteWebDriver.findElement(RemoteWebDriver.java:299)
	at com.rl.test.selenium.Logout.logout(Unknown Source)
	at com.rl.test.selenium.JCatalogTest.Testlogout(Unknown Source)
	at sun.reflect.NativeMethodAccessorImpl.invoke0(Native Method)
	at sun.reflect.NativeMethodAccessorImpl.invoke(NativeMethodAccessorImpl.java:57)
	at sun.reflect.DelegatingMethodAccessorImpl.invoke(DelegatingMethodAccessorImpl.java:43)
	at java.lang.reflect.Method.invoke(Method.java:606)
	at org.testng.internal.MethodInvocationHelper.invokeMethod(MethodInvocationHelper.java:84)
	at org.testng.internal.Invoker.invokeMethod(Invoker.java:714)
	at org.testng.internal.Invoker.invokeTestMethod(Invoker.java:901)
	at org.testng.internal.Invoker.invokeTestMethods(Invoker.java:1231)
	at org.testng.internal.TestMethodWorker.invokeTestMethods(TestMethodWorker.java:127)
	at org.testng.internal.TestMethodWorker.run(TestMethodWorker.java:111)
	at org.testng.TestRunner.privateRun(TestRunner.java:767)
	at org.testng.TestRunner.run(TestRunner.java:617)
	at org.testng.SuiteRunner.runTest(SuiteRunner.java:334)
	at org.testng.SuiteRunner.runSequentially(SuiteRunner.java:329)
	at org.testng.SuiteRunner.privateRun(SuiteRunner.java:291)
	at org.testng.SuiteRunner.run(SuiteRunner.java:240)
	at org.testng.SuiteRunnerWorker.runSuite(SuiteRunnerWorker.java:52)
	at org.testng.SuiteRunnerWorker.run(SuiteRunnerWorker.java:86)
	at org.testng.TestNG.runSuitesSequentially(TestNG.java:1224)
	at org.testng.TestNG.runSuitesLocally(TestNG.java:1149)
	at org.testng.TestNG.run(TestNG.java:1057)
	at org.testng.TestNG.privateMain(TestNG.java:1364)
	at org.testng.TestNG.main(TestNG.java:1333)
Caused by: org.openqa.selenium.remote.ErrorHandler$UnknownServerException: Unable to locate element: {&quot;method&quot;:&quot;link text&quot;,&quot;selector&quot;:&quot;logout&quot;}
Build info: version: &apos;2.37.0&apos;, revision: &apos;a7c61cb&apos;, time: &apos;2013-10-18 17:14:00&apos;
System info: host: &apos;SRINIVAS-PC&apos;, ip: &apos;192.168.150.55&apos;, os.name: &apos;Windows 7&apos;, os.arch: &apos;amd64&apos;, os.version: &apos;6.1&apos;, java.version: &apos;1.7.0_45&apos;
Driver info: driver.version: unknown
	at &lt;anonymous class&gt;.FirefoxDriver.prototype.findElementInternal_(file:///C:/Users/SRINIV~1/AppData/Local/Temp/anonymous1104334142760004820webdriver-profile/extensions/fxdriver@googlecode.com/components/driver_component.js:8891)
	at &lt;anonymous class&gt;.FirefoxDriver.prototype.findElement(file:///C:/Users/SRINIV~1/AppData/Local/Temp/anonymous1104334142760004820webdriver-profile/extensions/fxdriver@googlecode.com/components/driver_component.js:8900)
	at &lt;anonymous class&gt;.DelayedCommand.prototype.executeInternal_/h(file:///C:/Users/SRINIV~1/AppData/Local/Temp/anonymous1104334142760004820webdriver-profile/extensions/fxdriver@googlecode.com/components/command_processor.js:10844)
	at &lt;anonymous class&gt;.DelayedCommand.prototype.executeInternal_(file:///C:/Users/SRINIV~1/AppData/Local/Temp/anonymous1104334142760004820webdriver-profile/extensions/fxdriver@googlecode.com/components/command_processor.js:10849)
	at &lt;anonymous class&gt;.DelayedCommand.prototype.execute/&lt;(file:///C:/Users/SRINIV~1/AppData/Local/Temp/anonymous1104334142760004820webdriver-profile/extensions/fxdriver@googlecode.com/components/command_processor.js:10791)

</div> <!-- stack-trace -->
                </div> <!-- method-content -->
              </div> <!-- method -->
              <div class="method">
                <div class="method-content">
                  <a name="TestproductList">
                  </a> <!-- TestproductList -->
                  <span class="method-name">TestproductList</span>
                  <div class="stack-trace">org.openqa.selenium.NoSuchElementException: Unable to locate element: {&quot;method&quot;:&quot;xpath&quot;,&quot;selector&quot;:&quot;//table[@id=&apos;productListForm:table&apos;]/tbody/tr[10]/td[6]/a&quot;}
Command duration or timeout: 379 milliseconds
For documentation on this error, please visit: http://seleniumhq.org/exceptions/no_such_element.html
Build info: version: &apos;2.37.0&apos;, revision: &apos;a7c61cb&apos;, time: &apos;2013-10-18 17:14:00&apos;
System info: host: &apos;SRINIVAS-PC&apos;, ip: &apos;192.168.150.55&apos;, os.name: &apos;Windows 7&apos;, os.arch: &apos;amd64&apos;, os.version: &apos;6.1&apos;, java.version: &apos;1.7.0_45&apos;
Session ID: 34ef9f29-43e5-4b8a-8f7a-60ce87bddef4
Driver info: org.openqa.selenium.firefox.FirefoxDriver
Capabilities [{platform=XP, databaseEnabled=true, cssSelectorsEnabled=true, javascriptEnabled=true, acceptSslCerts=true, handlesAlerts=true, browserName=firefox, browserConnectionEnabled=true, nativeEvents=true, webStorageEnabled=true, rotatable=false, locationContextEnabled=true, applicationCacheEnabled=true, takesScreenshot=true, version=25.0.1}]
	at sun.reflect.NativeConstructorAccessorImpl.newInstance0(Native Method)
	at sun.reflect.NativeConstructorAccessorImpl.newInstance(NativeConstructorAccessorImpl.java:57)
	at sun.reflect.DelegatingConstructorAccessorImpl.newInstance(DelegatingConstructorAccessorImpl.java:45)
	at java.lang.reflect.Constructor.newInstance(Constructor.java:526)
	at org.openqa.selenium.remote.ErrorHandler.createThrowable(ErrorHandler.java:193)
	at org.openqa.selenium.remote.ErrorHandler.throwIfResponseFailed(ErrorHandler.java:145)
	at org.openqa.selenium.remote.RemoteWebDriver.execute(RemoteWebDriver.java:554)
	at org.openqa.selenium.remote.RemoteWebDriver.findElement(RemoteWebDriver.java:307)
	at org.openqa.selenium.remote.RemoteWebDriver.findElementByXPath(RemoteWebDriver.java:404)
	at org.openqa.selenium.By$ByXPath.findElement(By.java:363)
	at org.openqa.selenium.remote.RemoteWebDriver.findElement(RemoteWebDriver.java:299)
	at com.rl.test.selenium.NewProduct.ProductList(Unknown Source)
	at com.rl.test.selenium.JCatalogTest.TestproductList(Unknown Source)
	at sun.reflect.NativeMethodAccessorImpl.invoke0(Native Method)
	at sun.reflect.NativeMethodAccessorImpl.invoke(NativeMethodAccessorImpl.java:57)
	at sun.reflect.DelegatingMethodAccessorImpl.invoke(DelegatingMethodAccessorImpl.java:43)
	at java.lang.reflect.Method.invoke(Method.java:606)
	at org.testng.internal.MethodInvocationHelper.invokeMethod(MethodInvocationHelper.java:84)
	at org.testng.internal.Invoker.invokeMethod(Invoker.java:714)
	at org.testng.internal.Invoker.invokeTestMethod(Invoker.java:901)
	at org.testng.internal.Invoker.invokeTestMethods(Invoker.java:1231)
	at org.testng.internal.TestMethodWorker.invokeTestMethods(TestMethodWorker.java:127)
	at org.testng.internal.TestMethodWorker.run(TestMethodWorker.java:111)
	at org.testng.TestRunner.privateRun(TestRunner.java:767)
	at org.testng.TestRunner.run(TestRunner.java:617)
	at org.testng.SuiteRunner.runTest(SuiteRunner.java:334)
	at org.testng.SuiteRunner.runSequentially(SuiteRunner.java:329)
	at org.testng.SuiteRunner.privateRun(SuiteRunner.java:291)
	at org.testng.SuiteRunner.run(SuiteRunner.java:240)
	at org.testng.SuiteRunnerWorker.runSuite(SuiteRunnerWorker.java:52)
	at org.testng.SuiteRunnerWorker.run(SuiteRunnerWorker.java:86)
	at org.testng.TestNG.runSuitesSequentially(TestNG.java:1224)
	at org.testng.TestNG.runSuitesLocally(TestNG.java:1149)
	at org.testng.TestNG.run(TestNG.java:1057)
	at org.testng.TestNG.privateMain(TestNG.java:1364)
	at org.testng.TestNG.main(TestNG.java:1333)
Caused by: org.openqa.selenium.remote.ErrorHandler$UnknownServerException: Unable to locate element: {&quot;method&quot;:&quot;xpath&quot;,&quot;selector&quot;:&quot;//table[@id=&apos;productListForm:table&apos;]/tbody/tr[10]/td[6]/a&quot;}
Build info: version: &apos;2.37.0&apos;, revision: &apos;a7c61cb&apos;, time: &apos;2013-10-18 17:14:00&apos;
System info: host: &apos;SRINIVAS-PC&apos;, ip: &apos;192.168.150.55&apos;, os.name: &apos;Windows 7&apos;, os.arch: &apos;amd64&apos;, os.version: &apos;6.1&apos;, java.version: &apos;1.7.0_45&apos;
Driver info: driver.version: unknown
	at &lt;anonymous class&gt;.FirefoxDriver.prototype.findElementInternal_(file:///C:/Users/SRINIV~1/AppData/Local/Temp/anonymous1104334142760004820webdriver-profile/extensions/fxdriver@googlecode.com/components/driver_component.js:8891)
	at &lt;anonymous class&gt;.FirefoxDriver.prototype.findElement(file:///C:/Users/SRINIV~1/AppData/Local/Temp/anonymous1104334142760004820webdriver-profile/extensions/fxdriver@googlecode.com/components/driver_component.js:8900)
	at &lt;anonymous class&gt;.DelayedCommand.prototype.executeInternal_/h(file:///C:/Users/SRINIV~1/AppData/Local/Temp/anonymous1104334142760004820webdriver-profile/extensions/fxdriver@googlecode.com/components/command_processor.js:10844)
	at &lt;anonymous class&gt;.DelayedCommand.prototype.executeInternal_(file:///C:/Users/SRINIV~1/AppData/Local/Temp/anonymous1104334142760004820webdriver-profile/extensions/fxdriver@googlecode.com/components/command_processor.js:10849)
	at &lt;anonymous class&gt;.DelayedCommand.prototype.execute/&lt;(file:///C:/Users/SRINIV~1/AppData/Local/Temp/anonymous1104334142760004820webdriver-profile/extensions/fxdriver@googlecode.com/components/command_processor.js:10791)

</div> <!-- stack-trace -->
                </div> <!-- method-content -->
              </div> <!-- method -->
            </div> <!-- main-panel-content rounded-window-bottom -->
          </div> <!-- suite-JCatalog_Test_suite-class-failed -->
          <div class="suite-JCatalog_Test_suite-class-passed">
            <div class="main-panel-header rounded-window-top">
              <img src="passed.png"/>
              <span class="class-name">com.rl.test.selenium.JCatalogTest</span>
            </div> <!-- main-panel-header rounded-window-top -->
            <div class="main-panel-content rounded-window-bottom">
              <div class="method">
                <div class="method-content">
                  <a name="TestcategoryOne">
                  </a> <!-- TestcategoryOne -->
                  <span class="method-name">TestcategoryOne</span>
                </div> <!-- method-content -->
              </div> <!-- method -->
              <div class="method">
                <div class="method-content">
                  <a name="Testcategoryfour">
                  </a> <!-- Testcategoryfour -->
                  <span class="method-name">Testcategoryfour</span>
                </div> <!-- method-content -->
              </div> <!-- method -->
              <div class="method">
                <div class="method-content">
                  <a name="Testcategorythree">
                  </a> <!-- Testcategorythree -->
                  <span class="method-name">Testcategorythree</span>
                </div> <!-- method-content -->
              </div> <!-- method -->
              <div class="method">
                <div class="method-content">
                  <a name="Testcategorytwo">
                  </a> <!-- Testcategorytwo -->
                  <span class="method-name">Testcategorytwo</span>
                </div> <!-- method-content -->
              </div> <!-- method -->
              <div class="method">
                <div class="method-content">
                  <a name="Testcontactus">
                  </a> <!-- Testcontactus -->
                  <span class="method-name">Testcontactus</span>
                </div> <!-- method-content -->
              </div> <!-- method -->
              <div class="method">
                <div class="method-content">
                  <a name="Testlogin">
                  </a> <!-- Testlogin -->
                  <span class="method-name">Testlogin</span>
                </div> <!-- method-content -->
              </div> <!-- method -->
              <div class="method">
                <div class="method-content">
                  <a name="TestnewProduct">
                  </a> <!-- TestnewProduct -->
                  <span class="method-name">TestnewProduct</span>
                </div> <!-- method-content -->
              </div> <!-- method -->
              <div class="method">
                <div class="method-content">
                  <a name="Testplaceorder">
                  </a> <!-- Testplaceorder -->
                  <span class="method-name">Testplaceorder</span>
                </div> <!-- method-content -->
              </div> <!-- method -->
            </div> <!-- main-panel-content rounded-window-bottom -->
          </div> <!-- suite-JCatalog_Test_suite-class-passed -->
        </div> <!-- panel JCatalog_Test_suite -->
        <div panel-name="test-xml-JCatalog_Test_suite" class="panel">
          <div class="main-panel-header rounded-window-top">
            <span class="header-content">D:\srinivasiyer\AntCall\testng.xml</span>
          </div> <!-- main-panel-header rounded-window-top -->
          <div class="main-panel-content rounded-window-bottom">
            <pre>
&lt;?xml version=&quot;1.0&quot; encoding=&quot;UTF-8&quot;?&gt;
&lt;!DOCTYPE suite SYSTEM &quot;http://testng.org/testng-1.0.dtd&quot;&gt;
&lt;suite name=&quot;JCatalog Test suite&quot;&gt;
  &lt;test verbose=&quot;2&quot; name=&quot;JCatalog test&quot;&gt;
    &lt;classes&gt;
      &lt;class name=&quot;com.rl.test.selenium.JCatalogTest&quot;/&gt;
    &lt;/classes&gt;
  &lt;/test&gt; &lt;!-- JCatalog test --&gt;
&lt;/suite&gt; &lt;!-- JCatalog Test suite --&gt;
            </pre>
          </div> <!-- main-panel-content rounded-window-bottom -->
        </div> <!-- panel -->
        <div panel-name="testlist-JCatalog_Test_suite" class="panel">
          <div class="main-panel-header rounded-window-top">
            <span class="header-content">Tests for JCatalog Test suite</span>
          </div> <!-- main-panel-header rounded-window-top -->
          <div class="main-panel-content rounded-window-bottom">
            <ul>
              <li>
                <span class="test-name">JCatalog test (1 class)</span>
              </li>
            </ul>
          </div> <!-- main-panel-content rounded-window-bottom -->
        </div> <!-- panel -->
        <div panel-name="group-JCatalog_Test_suite" class="panel">
          <div class="main-panel-header rounded-window-top">
            <span class="header-content">Groups for JCatalog Test suite</span>
          </div> <!-- main-panel-header rounded-window-top -->
          <div class="main-panel-content rounded-window-bottom">
          </div> <!-- main-panel-content rounded-window-bottom -->
        </div> <!-- panel -->
        <div panel-name="times-JCatalog_Test_suite" class="panel">
          <div class="main-panel-header rounded-window-top">
            <span class="header-content">Times for JCatalog Test suite</span>
          </div> <!-- main-panel-header rounded-window-top -->
          <div class="main-panel-content rounded-window-bottom">
            <div class="times-div">
              <script type="text/javascript">
suiteTableInitFunctions.push('tableData_JCatalog_Test_suite');
function tableData_JCatalog_Test_suite() {
var data = new google.visualization.DataTable();
data.addColumn('number', 'Number');
data.addColumn('string', 'Method');
data.addColumn('string', 'Class');
data.addColumn('number', 'Time (ms)');
data.addRows(10);
data.setCell(0, 0, 0)
data.setCell(0, 1, 'Testlogin')
data.setCell(0, 2, 'com.rl.test.selenium.JCatalogTest')
data.setCell(0, 3, 51069);
data.setCell(1, 0, 1)
data.setCell(1, 1, 'TestproductList')
data.setCell(1, 2, 'com.rl.test.selenium.JCatalogTest')
data.setCell(1, 3, 8014);
data.setCell(2, 0, 2)
data.setCell(2, 1, 'Testcategorytwo')
data.setCell(2, 2, 'com.rl.test.selenium.JCatalogTest')
data.setCell(2, 3, 4893);
data.setCell(3, 0, 3)
data.setCell(3, 1, 'Testcontactus')
data.setCell(3, 2, 'com.rl.test.selenium.JCatalogTest')
data.setCell(3, 3, 2887);
data.setCell(4, 0, 4)
data.setCell(4, 1, 'TestcategoryOne')
data.setCell(4, 2, 'com.rl.test.selenium.JCatalogTest')
data.setCell(4, 3, 2220);
data.setCell(5, 0, 5)
data.setCell(5, 1, 'Testcategoryfour')
data.setCell(5, 2, 'com.rl.test.selenium.JCatalogTest')
data.setCell(5, 3, 2194);
data.setCell(6, 0, 6)
data.setCell(6, 1, 'Testplaceorder')
data.setCell(6, 2, 'com.rl.test.selenium.JCatalogTest')
data.setCell(6, 3, 1926);
data.setCell(7, 0, 7)
data.setCell(7, 1, 'Testcategorythree')
data.setCell(7, 2, 'com.rl.test.selenium.JCatalogTest')
data.setCell(7, 3, 1777);
data.setCell(8, 0, 8)
data.setCell(8, 1, 'TestnewProduct')
data.setCell(8, 2, 'com.rl.test.selenium.JCatalogTest')
data.setCell(8, 3, 1525);
data.setCell(9, 0, 9)
data.setCell(9, 1, 'Testlogout')
data.setCell(9, 2, 'com.rl.test.selenium.JCatalogTest')
data.setCell(9, 3, 1022);
window.suiteTableData['JCatalog_Test_suite']= { tableData: data, tableDiv: 'times-div-JCatalog_Test_suite'}
return data;
}
              </script>
              <span class="suite-total-time">Total running time: 1 minutes</span>
              <div id="times-div-JCatalog_Test_suite">
              </div> <!-- times-div-JCatalog_Test_suite -->
            </div> <!-- times-div -->
          </div> <!-- main-panel-content rounded-window-bottom -->
        </div> <!-- panel -->
        <div panel-name="reporter-JCatalog_Test_suite" class="panel">
          <div class="main-panel-header rounded-window-top">
            <span class="header-content">Reporter output for JCatalog Test suite</span>
          </div> <!-- main-panel-header rounded-window-top -->
          <div class="main-panel-content rounded-window-bottom">
          </div> <!-- main-panel-content rounded-window-bottom -->
        </div> <!-- panel -->
        <div panel-name="ignored-methods-JCatalog_Test_suite" class="panel">
          <div class="main-panel-header rounded-window-top">
            <span class="header-content">0 ignored methods</span>
          </div> <!-- main-panel-header rounded-window-top -->
          <div class="main-panel-content rounded-window-bottom">
          </div> <!-- main-panel-content rounded-window-bottom -->
        </div> <!-- panel -->
        <div panel-name="chronological-JCatalog_Test_suite" class="panel">
          <div class="main-panel-header rounded-window-top">
            <span class="header-content">Methods in chronological order</span>
          </div> <!-- main-panel-header rounded-window-top -->
          <div class="main-panel-content rounded-window-bottom">
            <div class="chronological-class">
              <div class="chronological-class-name">com.rl.test.selenium.JCatalogTest</div> <!-- chronological-class-name -->
              <div class="test-method">
                <span class="method-name">Testlogin</span>
                <span class="method-start">0 ms</span>
              </div> <!-- test-method -->
              <div class="test-method">
                <span class="method-name">TestcategoryOne</span>
                <span class="method-start">51070 ms</span>
              </div> <!-- test-method -->
              <div class="test-method">
                <span class="method-name">Testcategorytwo</span>
                <span class="method-start">53291 ms</span>
              </div> <!-- test-method -->
              <div class="test-method">
                <span class="method-name">Testcategorythree</span>
                <span class="method-start">58185 ms</span>
              </div> <!-- test-method -->
              <div class="test-method">
                <span class="method-name">Testcategoryfour</span>
                <span class="method-start">59963 ms</span>
              </div> <!-- test-method -->
              <div class="test-method">
                <img src="failed.png">
                </img>
                <span class="method-name">TestproductList</span>
                <span class="method-start">62158 ms</span>
              </div> <!-- test-method -->
              <div class="test-method">
                <span class="method-name">TestnewProduct</span>
                <span class="method-start">70173 ms</span>
              </div> <!-- test-method -->
              <div class="test-method">
                <span class="method-name">Testcontactus</span>
                <span class="method-start">71703 ms</span>
              </div> <!-- test-method -->
              <div class="test-method">
                <span class="method-name">Testplaceorder</span>
                <span class="method-start">74591 ms</span>
              </div> <!-- test-method -->
              <div class="test-method">
                <img src="failed.png">
                </img>
                <span class="method-name">Testlogout</span>
                <span class="method-start">76517 ms</span>
              </div> <!-- test-method -->
          </div> <!-- main-panel-content rounded-window-bottom -->
        </div> <!-- panel -->
      </div> <!-- main-panel-root -->
    </div> <!-- wrapper -->
  </body>
</html>
